<?xml version="1.0" encoding="UTF-8"?>
<!-- Generated by org.testng.reporters.JUnitReportReporter -->
<testsuite skipped="0" hostname="DESKTOP-25I7L6M" name="com.crm.qa.testcases.LoginPageTest" tests="2" failures="0" timestamp="2021-02-07T10:33:54 IST" time="25.216" errors="0">
  <testcase name="loginPageTitleTest" time="10.404" classname="com.crm.qa.testcases.LoginPageTest"/>
  <system-out/>
  <testcase name="loginTest" time="14.812" classname="com.crm.qa.testcases.LoginPageTest"/>
  <system-out/>
</testsuite> <!-- com.crm.qa.testcases.LoginPageTest -->
