<?xml version="1.0" encoding="UTF-8"?>
<!-- Generated by org.testng.reporters.JUnitReportReporter -->
<testsuite skipped="0" hostname="DESKTOP-25I7L6M" name="com.crm.qa.testcases.HomePageTest" tests="3" failures="0" timestamp="2021-02-07T10:33:55 IST" time="50.837" errors="0">
  <testcase name="verifyHomePageTitleTest" time="13.013" classname="com.crm.qa.testcases.HomePageTest"/>
  <system-out/>
  <testcase name="verifyUserNameTest" time="14.518" classname="com.crm.qa.testcases.HomePageTest"/>
  <system-out/>
  <testcase name="verifyContactsLinkTest" time="23.306" classname="com.crm.qa.testcases.HomePageTest"/>
  <system-out/>
</testsuite> <!-- com.crm.qa.testcases.HomePageTest -->
