<?xml version="1.0" encoding="UTF-8"?>
<testsuite xmlns:xsi="http://www.w3.org/2001/XMLSchema-instance" xsi:noNamespaceSchemaLocation="https://maven.apache.org/surefire/maven-surefire-plugin/xsd/surefire-test-report.xsd" name="TestSuite" time="1,402.73" tests="18" errors="0" skipped="10" failures="2">
  <properties>
    <property name="sun.desktop" value="windows"/>
    <property name="awt.toolkit" value="sun.awt.windows.WToolkit"/>
    <property name="file.encoding.pkg" value="sun.io"/>
    <property name="java.specification.version" value="1.8"/>
    <property name="sun.cpu.isalist" value="amd64"/>
    <property name="sun.jnu.encoding" value="Cp1252"/>
    <property name="java.class.path" value="F:\eclipse\FreeCRMTest\target\test-classes;F:\eclipse\FreeCRMTest\target\classes;C:\WINDOWS\system32\config\systemprofile\.m2\repository\org\seleniumhq\selenium\selenium-java\3.141.59\selenium-java-3.141.59.jar;C:\WINDOWS\system32\config\systemprofile\.m2\repository\org\seleniumhq\selenium\selenium-api\3.141.59\selenium-api-3.141.59.jar;C:\WINDOWS\system32\config\systemprofile\.m2\repository\org\seleniumhq\selenium\selenium-chrome-driver\3.141.59\selenium-chrome-driver-3.141.59.jar;C:\WINDOWS\system32\config\systemprofile\.m2\repository\org\seleniumhq\selenium\selenium-edge-driver\3.141.59\selenium-edge-driver-3.141.59.jar;C:\WINDOWS\system32\config\systemprofile\.m2\repository\org\seleniumhq\selenium\selenium-firefox-driver\3.141.59\selenium-firefox-driver-3.141.59.jar;C:\WINDOWS\system32\config\systemprofile\.m2\repository\org\seleniumhq\selenium\selenium-ie-driver\3.141.59\selenium-ie-driver-3.141.59.jar;C:\WINDOWS\system32\config\systemprofile\.m2\repository\org\seleniumhq\selenium\selenium-opera-driver\3.141.59\selenium-opera-driver-3.141.59.jar;C:\WINDOWS\system32\config\systemprofile\.m2\repository\org\seleniumhq\selenium\selenium-remote-driver\3.141.59\selenium-remote-driver-3.141.59.jar;C:\WINDOWS\system32\config\systemprofile\.m2\repository\org\seleniumhq\selenium\selenium-safari-driver\3.141.59\selenium-safari-driver-3.141.59.jar;C:\WINDOWS\system32\config\systemprofile\.m2\repository\org\seleniumhq\selenium\selenium-support\3.141.59\selenium-support-3.141.59.jar;C:\WINDOWS\system32\config\systemprofile\.m2\repository\net\bytebuddy\byte-buddy\1.8.15\byte-buddy-1.8.15.jar;C:\WINDOWS\system32\config\systemprofile\.m2\repository\org\apache\commons\commons-exec\1.3\commons-exec-1.3.jar;C:\WINDOWS\system32\config\systemprofile\.m2\repository\com\google\guava\guava\25.0-jre\guava-25.0-jre.jar;C:\WINDOWS\system32\config\systemprofile\.m2\repository\com\google\code\findbugs\jsr305\1.3.9\jsr305-1.3.9.jar;C:\WINDOWS\system32\config\systemprofile\.m2\repository\org\checkerframework\checker-compat-qual\2.0.0\checker-compat-qual-2.0.0.jar;C:\WINDOWS\system32\config\systemprofile\.m2\repository\com\google\errorprone\error_prone_annotations\2.1.3\error_prone_annotations-2.1.3.jar;C:\WINDOWS\system32\config\systemprofile\.m2\repository\com\google\j2objc\j2objc-annotations\1.1\j2objc-annotations-1.1.jar;C:\WINDOWS\system32\config\systemprofile\.m2\repository\org\codehaus\mojo\animal-sniffer-annotations\1.14\animal-sniffer-annotations-1.14.jar;C:\WINDOWS\system32\config\systemprofile\.m2\repository\com\squareup\okhttp3\okhttp\3.11.0\okhttp-3.11.0.jar;C:\WINDOWS\system32\config\systemprofile\.m2\repository\com\squareup\okio\okio\1.14.0\okio-1.14.0.jar;C:\WINDOWS\system32\config\systemprofile\.m2\repository\org\testng\testng\7.1.0\testng-7.1.0.jar;C:\WINDOWS\system32\config\systemprofile\.m2\repository\com\beust\jcommander\1.72\jcommander-1.72.jar;C:\WINDOWS\system32\config\systemprofile\.m2\repository\com\google\inject\guice\4.1.0\guice-4.1.0-no_aop.jar;C:\WINDOWS\system32\config\systemprofile\.m2\repository\javax\inject\javax.inject\1\javax.inject-1.jar;C:\WINDOWS\system32\config\systemprofile\.m2\repository\aopalliance\aopalliance\1.0\aopalliance-1.0.jar;C:\WINDOWS\system32\config\systemprofile\.m2\repository\org\yaml\snakeyaml\1.21\snakeyaml-1.21.jar;C:\WINDOWS\system32\config\systemprofile\.m2\repository\org\apache\poi\poi\4.1.2\poi-4.1.2.jar;C:\WINDOWS\system32\config\systemprofile\.m2\repository\commons-codec\commons-codec\1.13\commons-codec-1.13.jar;C:\WINDOWS\system32\config\systemprofile\.m2\repository\org\apache\commons\commons-collections4\4.4\commons-collections4-4.4.jar;C:\WINDOWS\system32\config\systemprofile\.m2\repository\org\apache\commons\commons-math3\3.6.1\commons-math3-3.6.1.jar;C:\WINDOWS\system32\config\systemprofile\.m2\repository\com\zaxxer\SparseBitSet\1.2\SparseBitSet-1.2.jar;C:\WINDOWS\system32\config\systemprofile\.m2\repository\org\apache\poi\poi-ooxml\4.1.2\poi-ooxml-4.1.2.jar;C:\WINDOWS\system32\config\systemprofile\.m2\repository\org\apache\commons\commons-compress\1.19\commons-compress-1.19.jar;C:\WINDOWS\system32\config\systemprofile\.m2\repository\com\github\virtuald\curvesapi\1.06\curvesapi-1.06.jar;C:\WINDOWS\system32\config\systemprofile\.m2\repository\org\apache\poi\poi-ooxml-schemas\4.1.0\poi-ooxml-schemas-4.1.0.jar;C:\WINDOWS\system32\config\systemprofile\.m2\repository\org\apache\xmlbeans\xmlbeans\3.1.0\xmlbeans-3.1.0.jar;C:\WINDOWS\system32\config\systemprofile\.m2\repository\org\apache\poi\poi-scratchpad\4.1.2\poi-scratchpad-4.1.2.jar;C:\WINDOWS\system32\config\systemprofile\.m2\repository\org\apache\poi\poi-excelant\4.1.2\poi-excelant-4.1.2.jar;C:\WINDOWS\system32\config\systemprofile\.m2\repository\org\apache\ant\ant\1.8.2\ant-1.8.2.jar;C:\WINDOWS\system32\config\systemprofile\.m2\repository\org\apache\ant\ant-launcher\1.8.2\ant-launcher-1.8.2.jar;C:\WINDOWS\system32\config\systemprofile\.m2\repository\commons-io\commons-io\2.4\commons-io-2.4.jar;C:\WINDOWS\system32\config\systemprofile\.m2\repository\com\relevantcodes\extentreports\2.41.2\extentreports-2.41.2.jar;C:\WINDOWS\system32\config\systemprofile\.m2\repository\org\jsoup\jsoup\1.8.3\jsoup-1.8.3.jar;C:\WINDOWS\system32\config\systemprofile\.m2\repository\org\xerial\sqlite-jdbc\3.8.11.1\sqlite-jdbc-3.8.11.1.jar;C:\WINDOWS\system32\config\systemprofile\.m2\repository\org\freemarker\freemarker\2.3.23\freemarker-2.3.23.jar;C:\WINDOWS\system32\config\systemprofile\.m2\repository\org\mongodb\mongodb-driver\3.0.4\mongodb-driver-3.0.4.jar;C:\WINDOWS\system32\config\systemprofile\.m2\repository\org\mongodb\bson\3.0.4\bson-3.0.4.jar;C:\WINDOWS\system32\config\systemprofile\.m2\repository\org\mongodb\mongodb-driver-core\3.0.4\mongodb-driver-core-3.0.4.jar;"/>
    <property name="java.vm.vendor" value="Oracle Corporation"/>
    <property name="sun.arch.data.model" value="64"/>
    <property name="user.variant" value=""/>
    <property name="java.vendor.url" value="http://java.oracle.com/"/>
    <property name="user.timezone" value="Asia/Calcutta"/>
    <property name="java.vm.specification.version" value="1.8"/>
    <property name="os.name" value="Windows 10"/>
    <property name="user.country" value="US"/>
    <property name="sun.java.launcher" value="SUN_STANDARD"/>
    <property name="sun.boot.library.path" value="C:\Program Files\Java\jdk1.8.0_251\jre\bin"/>
    <property name="sun.java.command" value="C:\WINDOWS\TEMP\surefire3955765986220864263\surefirebooter825209608962970526.jar C:\Windows\Temp\surefire3955765986220864263 2021-02-07T10-00-14_331-jvmRun1 surefire3349906802463152012tmp surefire_04183968035937404975tmp"/>
    <property name="surefire.test.class.path" value="F:\eclipse\FreeCRMTest\target\test-classes;F:\eclipse\FreeCRMTest\target\classes;C:\WINDOWS\system32\config\systemprofile\.m2\repository\org\seleniumhq\selenium\selenium-java\3.141.59\selenium-java-3.141.59.jar;C:\WINDOWS\system32\config\systemprofile\.m2\repository\org\seleniumhq\selenium\selenium-api\3.141.59\selenium-api-3.141.59.jar;C:\WINDOWS\system32\config\systemprofile\.m2\repository\org\seleniumhq\selenium\selenium-chrome-driver\3.141.59\selenium-chrome-driver-3.141.59.jar;C:\WINDOWS\system32\config\systemprofile\.m2\repository\org\seleniumhq\selenium\selenium-edge-driver\3.141.59\selenium-edge-driver-3.141.59.jar;C:\WINDOWS\system32\config\systemprofile\.m2\repository\org\seleniumhq\selenium\selenium-firefox-driver\3.141.59\selenium-firefox-driver-3.141.59.jar;C:\WINDOWS\system32\config\systemprofile\.m2\repository\org\seleniumhq\selenium\selenium-ie-driver\3.141.59\selenium-ie-driver-3.141.59.jar;C:\WINDOWS\system32\config\systemprofile\.m2\repository\org\seleniumhq\selenium\selenium-opera-driver\3.141.59\selenium-opera-driver-3.141.59.jar;C:\WINDOWS\system32\config\systemprofile\.m2\repository\org\seleniumhq\selenium\selenium-remote-driver\3.141.59\selenium-remote-driver-3.141.59.jar;C:\WINDOWS\system32\config\systemprofile\.m2\repository\org\seleniumhq\selenium\selenium-safari-driver\3.141.59\selenium-safari-driver-3.141.59.jar;C:\WINDOWS\system32\config\systemprofile\.m2\repository\org\seleniumhq\selenium\selenium-support\3.141.59\selenium-support-3.141.59.jar;C:\WINDOWS\system32\config\systemprofile\.m2\repository\net\bytebuddy\byte-buddy\1.8.15\byte-buddy-1.8.15.jar;C:\WINDOWS\system32\config\systemprofile\.m2\repository\org\apache\commons\commons-exec\1.3\commons-exec-1.3.jar;C:\WINDOWS\system32\config\systemprofile\.m2\repository\com\google\guava\guava\25.0-jre\guava-25.0-jre.jar;C:\WINDOWS\system32\config\systemprofile\.m2\repository\com\google\code\findbugs\jsr305\1.3.9\jsr305-1.3.9.jar;C:\WINDOWS\system32\config\systemprofile\.m2\repository\org\checkerframework\checker-compat-qual\2.0.0\checker-compat-qual-2.0.0.jar;C:\WINDOWS\system32\config\systemprofile\.m2\repository\com\google\errorprone\error_prone_annotations\2.1.3\error_prone_annotations-2.1.3.jar;C:\WINDOWS\system32\config\systemprofile\.m2\repository\com\google\j2objc\j2objc-annotations\1.1\j2objc-annotations-1.1.jar;C:\WINDOWS\system32\config\systemprofile\.m2\repository\org\codehaus\mojo\animal-sniffer-annotations\1.14\animal-sniffer-annotations-1.14.jar;C:\WINDOWS\system32\config\systemprofile\.m2\repository\com\squareup\okhttp3\okhttp\3.11.0\okhttp-3.11.0.jar;C:\WINDOWS\system32\config\systemprofile\.m2\repository\com\squareup\okio\okio\1.14.0\okio-1.14.0.jar;C:\WINDOWS\system32\config\systemprofile\.m2\repository\org\testng\testng\7.1.0\testng-7.1.0.jar;C:\WINDOWS\system32\config\systemprofile\.m2\repository\com\beust\jcommander\1.72\jcommander-1.72.jar;C:\WINDOWS\system32\config\systemprofile\.m2\repository\com\google\inject\guice\4.1.0\guice-4.1.0-no_aop.jar;C:\WINDOWS\system32\config\systemprofile\.m2\repository\javax\inject\javax.inject\1\javax.inject-1.jar;C:\WINDOWS\system32\config\systemprofile\.m2\repository\aopalliance\aopalliance\1.0\aopalliance-1.0.jar;C:\WINDOWS\system32\config\systemprofile\.m2\repository\org\yaml\snakeyaml\1.21\snakeyaml-1.21.jar;C:\WINDOWS\system32\config\systemprofile\.m2\repository\org\apache\poi\poi\4.1.2\poi-4.1.2.jar;C:\WINDOWS\system32\config\systemprofile\.m2\repository\commons-codec\commons-codec\1.13\commons-codec-1.13.jar;C:\WINDOWS\system32\config\systemprofile\.m2\repository\org\apache\commons\commons-collections4\4.4\commons-collections4-4.4.jar;C:\WINDOWS\system32\config\systemprofile\.m2\repository\org\apache\commons\commons-math3\3.6.1\commons-math3-3.6.1.jar;C:\WINDOWS\system32\config\systemprofile\.m2\repository\com\zaxxer\SparseBitSet\1.2\SparseBitSet-1.2.jar;C:\WINDOWS\system32\config\systemprofile\.m2\repository\org\apache\poi\poi-ooxml\4.1.2\poi-ooxml-4.1.2.jar;C:\WINDOWS\system32\config\systemprofile\.m2\repository\org\apache\commons\commons-compress\1.19\commons-compress-1.19.jar;C:\WINDOWS\system32\config\systemprofile\.m2\repository\com\github\virtuald\curvesapi\1.06\curvesapi-1.06.jar;C:\WINDOWS\system32\config\systemprofile\.m2\repository\org\apache\poi\poi-ooxml-schemas\4.1.0\poi-ooxml-schemas-4.1.0.jar;C:\WINDOWS\system32\config\systemprofile\.m2\repository\org\apache\xmlbeans\xmlbeans\3.1.0\xmlbeans-3.1.0.jar;C:\WINDOWS\system32\config\systemprofile\.m2\repository\org\apache\poi\poi-scratchpad\4.1.2\poi-scratchpad-4.1.2.jar;C:\WINDOWS\system32\config\systemprofile\.m2\repository\org\apache\poi\poi-excelant\4.1.2\poi-excelant-4.1.2.jar;C:\WINDOWS\system32\config\systemprofile\.m2\repository\org\apache\ant\ant\1.8.2\ant-1.8.2.jar;C:\WINDOWS\system32\config\systemprofile\.m2\repository\org\apache\ant\ant-launcher\1.8.2\ant-launcher-1.8.2.jar;C:\WINDOWS\system32\config\systemprofile\.m2\repository\commons-io\commons-io\2.4\commons-io-2.4.jar;C:\WINDOWS\system32\config\systemprofile\.m2\repository\com\relevantcodes\extentreports\2.41.2\extentreports-2.41.2.jar;C:\WINDOWS\system32\config\systemprofile\.m2\repository\org\jsoup\jsoup\1.8.3\jsoup-1.8.3.jar;C:\WINDOWS\system32\config\systemprofile\.m2\repository\org\xerial\sqlite-jdbc\3.8.11.1\sqlite-jdbc-3.8.11.1.jar;C:\WINDOWS\system32\config\systemprofile\.m2\repository\org\freemarker\freemarker\2.3.23\freemarker-2.3.23.jar;C:\WINDOWS\system32\config\systemprofile\.m2\repository\org\mongodb\mongodb-driver\3.0.4\mongodb-driver-3.0.4.jar;C:\WINDOWS\system32\config\systemprofile\.m2\repository\org\mongodb\bson\3.0.4\bson-3.0.4.jar;C:\WINDOWS\system32\config\systemprofile\.m2\repository\org\mongodb\mongodb-driver-core\3.0.4\mongodb-driver-core-3.0.4.jar;"/>
    <property name="sun.cpu.endian" value="little"/>
    <property name="user.home" value="C:\WINDOWS\system32\config\systemprofile"/>
    <property name="user.language" value="en"/>
    <property name="java.specification.vendor" value="Oracle Corporation"/>
    <property name="java.home" value="C:\Program Files\Java\jdk1.8.0_251\jre"/>
    <property name="basedir" value="F:\eclipse\FreeCRMTest"/>
    <property name="file.separator" value="\"/>
    <property name="line.separator" value="&#10;"/>
    <property name="java.vm.specification.vendor" value="Oracle Corporation"/>
    <property name="java.specification.name" value="Java Platform API Specification"/>
    <property name="java.awt.graphicsenv" value="sun.awt.Win32GraphicsEnvironment"/>
    <property name="surefire.real.class.path" value="C:\WINDOWS\TEMP\surefire3955765986220864263\surefirebooter825209608962970526.jar"/>
    <property name="sun.boot.class.path" value="C:\Program Files\Java\jdk1.8.0_251\jre\lib\resources.jar;C:\Program Files\Java\jdk1.8.0_251\jre\lib\rt.jar;C:\Program Files\Java\jdk1.8.0_251\jre\lib\sunrsasign.jar;C:\Program Files\Java\jdk1.8.0_251\jre\lib\jsse.jar;C:\Program Files\Java\jdk1.8.0_251\jre\lib\jce.jar;C:\Program Files\Java\jdk1.8.0_251\jre\lib\charsets.jar;C:\Program Files\Java\jdk1.8.0_251\jre\lib\jfr.jar;C:\Program Files\Java\jdk1.8.0_251\jre\classes"/>
    <property name="user.script" value=""/>
    <property name="sun.management.compiler" value="HotSpot 64-Bit Tiered Compilers"/>
    <property name="java.runtime.version" value="1.8.0_251-b08"/>
    <property name="user.name" value="DESKTOP-25I7L6M$"/>
    <property name="path.separator" value=";"/>
    <property name="os.version" value="10.0"/>
    <property name="java.endorsed.dirs" value="C:\Program Files\Java\jdk1.8.0_251\jre\lib\endorsed"/>
    <property name="java.runtime.name" value="Java(TM) SE Runtime Environment"/>
    <property name="file.encoding" value="Cp1252"/>
    <property name="java.vm.name" value="Java HotSpot(TM) 64-Bit Server VM"/>
    <property name="localRepository" value="C:\WINDOWS\system32\config\systemprofile\.m2\repository"/>
    <property name="java.vendor.url.bug" value="http://bugreport.sun.com/bugreport/"/>
    <property name="java.io.tmpdir" value="C:\WINDOWS\TEMP\"/>
    <property name="java.version" value="1.8.0_251"/>
    <property name="user.dir" value="F:\eclipse\FreeCRMTest"/>
    <property name="os.arch" value="amd64"/>
    <property name="java.vm.specification.name" value="Java Virtual Machine Specification"/>
    <property name="java.awt.printerjob" value="sun.awt.windows.WPrinterJob"/>
    <property name="sun.os.patch.level" value=""/>
    <property name="java.library.path" value="C:\Program Files\Java\jdk1.8.0_251\jre\bin;C:\WINDOWS\Sun\Java\bin;C:\WINDOWS\system32;C:\WINDOWS;C:\WINDOWS\system32\config\systemprofile\AppData\Local\Jenkins\.jenkins\tools\hudson.tasks.Maven_MavenInstallation\TestMaven/bin;C:\Program Files (x86)\Common Files\Oracle\Java\javapath;C:\WINDOWS\system32;C:\WINDOWS;C:\WINDOWS\System32\Wbem;C:\WINDOWS\System32\WindowsPowerShell\v1.0\;C:\WINDOWS\System32\OpenSSH\;F:\Git\cmd;C:\WINDOWS\system32\config\systemprofile\AppData\Local\Microsoft\WindowsApps;."/>
    <property name="java.vm.info" value="mixed mode"/>
    <property name="java.vendor" value="Oracle Corporation"/>
    <property name="java.vm.version" value="25.251-b08"/>
    <property name="java.ext.dirs" value="C:\Program Files\Java\jdk1.8.0_251\jre\lib\ext;C:\WINDOWS\Sun\Java\lib\ext"/>
    <property name="sun.io.unicode.encoding" value="UnicodeLittle"/>
    <property name="java.class.version" value="52.0"/>
  </properties>
  <testcase name="verifyContactsPageLable" classname="com.crm.qa.testcases.ContactsPageTest" time="1.403"/>
  <testcase name="selectContactsTest" classname="com.crm.qa.testcases.ContactsPageTest" time="1.322"/>
  <testcase name="validateCreateNewContact" classname="com.crm.qa.testcases.ContactsPageTest" time="12.297"/>
  <testcase name="validateCreateNewContact" classname="com.crm.qa.testcases.ContactsPageTest" time="0">
    <skipped message="session not created&#10;from timeout: Timed out receiving message from renderer: 600.000&#10;  (Session info: chrome=88.0.4324.150)&#10;Build info: version: &apos;3.141.59&apos;, revision: &apos;e82be7d358&apos;, time: &apos;2018-11-14T08:17:03&apos;&#10;System info: host: &apos;DESKTOP-25I7L6M&apos;, ip: &apos;192.168.43.132&apos;, os.name: &apos;Windows 10&apos;, os.arch: &apos;amd64&apos;, os.version: &apos;10.0&apos;, java.version: &apos;1.8.0_251&apos;&#10;Driver info: driver.version: ChromeDriver&#10;remote stacktrace: Backtrace:&#10;	GetHandleVerifier [0x008BB963+483]&#10;	GetHandleVerifier [0x008BB941+449]&#10;	GetHandleVerifier [0x00C63308+3832712]&#10;	GetHandleVerifier [0x00C5778C+3784716]&#10;	GetHandleVerifier [0x00C56A47+3781319]&#10;	GetHandleVerifier [0x00C56E36+3782326]&#10;	GetHandleVerifier [0x00C56765+3780581]&#10;	GetHandleVerifier [0x00C5FB21+3818401]&#10;	GetHandleVerifier [0x00C56721+3780513]&#10;	GetHandleVerifier [0x00C574B2+3783986]&#10;	GetHandleVerifier [0x00C56A47+3781319]&#10;	GetHandleVerifier [0x00C56E36+3782326]&#10;	GetHandleVerifier [0x00C56765+3780581]&#10;	GetHandleVerifier [0x00C5DF9C+3811356]&#10;	GetHandleVerifier [0x00C56721+3780513]&#10;	GetHandleVerifier [0x00C574B2+3783986]&#10;	GetHandleVerifier [0x00C56A47+3781319]&#10;	GetHandleVerifier [0x00C56E36+3782326]&#10;	GetHandleVerifier [0x00C56765+3780581]&#10;	GetHandleVerifier [0x00C5C392+3804178]&#10;	GetHandleVerifier [0x00C56721+3780513]&#10;	GetHandleVerifier [0x00C574B2+3783986]&#10;	GetHandleVerifier [0x00C56A47+3781319]&#10;	GetHandleVerifier [0x00C56E36+3782326]&#10;	GetHandleVerifier [0x00C56765+3780581]&#10;	GetHandleVerifier [0x00C5B655+3800789]&#10;	GetHandleVerifier [0x00C56721+3780513]&#10;	GetHandleVerifier [0x00C574B2+3783986]&#10;	GetHandleVerifier [0x00C56A47+3781319]&#10;	GetHandleVerifier [0x00C56E36+3782326]&#10;	GetHandleVerifier [0x00C56765+3780581]&#10;	GetHandleVerifier [0x00C52F46+3766214]&#10;	GetHandleVerifier [0x00C56721+3780513]&#10;	GetHandleVerifier [0x00C56543+3780035]&#10;	GetHandleVerifier [0x00C56337+3779511]&#10;	GetHandleVerifier [0x00C64540+3837376]&#10;	GetHandleVerifier [0x00C9F4BC+4078908]&#10;	GetHandleVerifier [0x00C9E56C+4074988]&#10;	GetHandleVerifier [0x00C9B2EB+4062059]&#10;	GetHandleVerifier [0x00C7ED14+3945876]&#10;	GetHandleVerifier [0x00C7FBCE+3949646]&#10;	GetHandleVerifier [0x00C7FB59+3949529]&#10;	Ordinal0 [0x0087B5CC+46540]&#10;	Ordinal0 [0x00879F53+40787]&#10;	Ordinal0 [0x00879B12+39698]&#10;	GetHandleVerifier [0x00B81468+2907368]&#10;	GetHandleVerifier [0x009C71EE+1096302]&#10;	GetHandleVerifier [0x00983E8D+821005]&#10;	GetHandleVerifier [0x0098396B+819691]&#10;	GetHandleVerifier [0x00983881+819457]&#10;	GetHandleVerifier [0x009AF463+998627]&#10;	BaseThreadInitThunk [0x75ABFA29+25]&#10;	RtlGetAppContainerNamedObjectPath [0x77C476B4+228]&#10;	RtlGetAppContainerNamedObjectPath [0x77C47684+180]&#10;"/>
  </testcase>
  <testcase name="validateCreateNewContact" classname="com.crm.qa.testcases.ContactsPageTest" time="0">
    <skipped message="session not created&#10;from timeout: Timed out receiving message from renderer: 600.000&#10;  (Session info: chrome=88.0.4324.150)&#10;Build info: version: &apos;3.141.59&apos;, revision: &apos;e82be7d358&apos;, time: &apos;2018-11-14T08:17:03&apos;&#10;System info: host: &apos;DESKTOP-25I7L6M&apos;, ip: &apos;192.168.43.132&apos;, os.name: &apos;Windows 10&apos;, os.arch: &apos;amd64&apos;, os.version: &apos;10.0&apos;, java.version: &apos;1.8.0_251&apos;&#10;Driver info: driver.version: ChromeDriver&#10;remote stacktrace: Backtrace:&#10;	GetHandleVerifier [0x008BB963+483]&#10;	GetHandleVerifier [0x008BB941+449]&#10;	GetHandleVerifier [0x00C63308+3832712]&#10;	GetHandleVerifier [0x00C5778C+3784716]&#10;	GetHandleVerifier [0x00C56A47+3781319]&#10;	GetHandleVerifier [0x00C56E36+3782326]&#10;	GetHandleVerifier [0x00C56765+3780581]&#10;	GetHandleVerifier [0x00C5FB21+3818401]&#10;	GetHandleVerifier [0x00C56721+3780513]&#10;	GetHandleVerifier [0x00C574B2+3783986]&#10;	GetHandleVerifier [0x00C56A47+3781319]&#10;	GetHandleVerifier [0x00C56E36+3782326]&#10;	GetHandleVerifier [0x00C56765+3780581]&#10;	GetHandleVerifier [0x00C5DF9C+3811356]&#10;	GetHandleVerifier [0x00C56721+3780513]&#10;	GetHandleVerifier [0x00C574B2+3783986]&#10;	GetHandleVerifier [0x00C56A47+3781319]&#10;	GetHandleVerifier [0x00C56E36+3782326]&#10;	GetHandleVerifier [0x00C56765+3780581]&#10;	GetHandleVerifier [0x00C5C392+3804178]&#10;	GetHandleVerifier [0x00C56721+3780513]&#10;	GetHandleVerifier [0x00C574B2+3783986]&#10;	GetHandleVerifier [0x00C56A47+3781319]&#10;	GetHandleVerifier [0x00C56E36+3782326]&#10;	GetHandleVerifier [0x00C56765+3780581]&#10;	GetHandleVerifier [0x00C5B655+3800789]&#10;	GetHandleVerifier [0x00C56721+3780513]&#10;	GetHandleVerifier [0x00C574B2+3783986]&#10;	GetHandleVerifier [0x00C56A47+3781319]&#10;	GetHandleVerifier [0x00C56E36+3782326]&#10;	GetHandleVerifier [0x00C56765+3780581]&#10;	GetHandleVerifier [0x00C52F46+3766214]&#10;	GetHandleVerifier [0x00C56721+3780513]&#10;	GetHandleVerifier [0x00C56543+3780035]&#10;	GetHandleVerifier [0x00C56337+3779511]&#10;	GetHandleVerifier [0x00C64540+3837376]&#10;	GetHandleVerifier [0x00C9F4BC+4078908]&#10;	GetHandleVerifier [0x00C9E56C+4074988]&#10;	GetHandleVerifier [0x00C9B2EB+4062059]&#10;	GetHandleVerifier [0x00C7ED14+3945876]&#10;	GetHandleVerifier [0x00C7FBCE+3949646]&#10;	GetHandleVerifier [0x00C7FB59+3949529]&#10;	Ordinal0 [0x0087B5CC+46540]&#10;	Ordinal0 [0x00879F53+40787]&#10;	Ordinal0 [0x00879B12+39698]&#10;	GetHandleVerifier [0x00B81468+2907368]&#10;	GetHandleVerifier [0x009C71EE+1096302]&#10;	GetHandleVerifier [0x00983E8D+821005]&#10;	GetHandleVerifier [0x0098396B+819691]&#10;	GetHandleVerifier [0x00983881+819457]&#10;	GetHandleVerifier [0x009AF463+998627]&#10;	BaseThreadInitThunk [0x75ABFA29+25]&#10;	RtlGetAppContainerNamedObjectPath [0x77C476B4+228]&#10;	RtlGetAppContainerNamedObjectPath [0x77C47684+180]&#10;"/>
  </testcase>
  <testcase name="setup" classname="com.crm.qa.testcases.ContactsPageTest" time="623.086">
    <failure message="session not created&#10;from timeout: Timed out receiving message from renderer: 600.000&#10;  (Session info: chrome=88.0.4324.150)&#10;Build info: version: &apos;3.141.59&apos;, revision: &apos;e82be7d358&apos;, time: &apos;2018-11-14T08:17:03&apos;&#10;System info: host: &apos;DESKTOP-25I7L6M&apos;, ip: &apos;192.168.43.132&apos;, os.name: &apos;Windows 10&apos;, os.arch: &apos;amd64&apos;, os.version: &apos;10.0&apos;, java.version: &apos;1.8.0_251&apos;&#10;Driver info: driver.version: ChromeDriver&#10;remote stacktrace: Backtrace:&#10;	GetHandleVerifier [0x008BB963+483]&#10;	GetHandleVerifier [0x008BB941+449]&#10;	GetHandleVerifier [0x00C63308+3832712]&#10;	GetHandleVerifier [0x00C5778C+3784716]&#10;	GetHandleVerifier [0x00C56A47+3781319]&#10;	GetHandleVerifier [0x00C56E36+3782326]&#10;	GetHandleVerifier [0x00C56765+3780581]&#10;	GetHandleVerifier [0x00C5FB21+3818401]&#10;	GetHandleVerifier [0x00C56721+3780513]&#10;	GetHandleVerifier [0x00C574B2+3783986]&#10;	GetHandleVerifier [0x00C56A47+3781319]&#10;	GetHandleVerifier [0x00C56E36+3782326]&#10;	GetHandleVerifier [0x00C56765+3780581]&#10;	GetHandleVerifier [0x00C5DF9C+3811356]&#10;	GetHandleVerifier [0x00C56721+3780513]&#10;	GetHandleVerifier [0x00C574B2+3783986]&#10;	GetHandleVerifier [0x00C56A47+3781319]&#10;	GetHandleVerifier [0x00C56E36+3782326]&#10;	GetHandleVerifier [0x00C56765+3780581]&#10;	GetHandleVerifier [0x00C5C392+3804178]&#10;	GetHandleVerifier [0x00C56721+3780513]&#10;	GetHandleVerifier [0x00C574B2+3783986]&#10;	GetHandleVerifier [0x00C56A47+3781319]&#10;	GetHandleVerifier [0x00C56E36+3782326]&#10;	GetHandleVerifier [0x00C56765+3780581]&#10;	GetHandleVerifier [0x00C5B655+3800789]&#10;	GetHandleVerifier [0x00C56721+3780513]&#10;	GetHandleVerifier [0x00C574B2+3783986]&#10;	GetHandleVerifier [0x00C56A47+3781319]&#10;	GetHandleVerifier [0x00C56E36+3782326]&#10;	GetHandleVerifier [0x00C56765+3780581]&#10;	GetHandleVerifier [0x00C52F46+3766214]&#10;	GetHandleVerifier [0x00C56721+3780513]&#10;	GetHandleVerifier [0x00C56543+3780035]&#10;	GetHandleVerifier [0x00C56337+3779511]&#10;	GetHandleVerifier [0x00C64540+3837376]&#10;	GetHandleVerifier [0x00C9F4BC+4078908]&#10;	GetHandleVerifier [0x00C9E56C+4074988]&#10;	GetHandleVerifier [0x00C9B2EB+4062059]&#10;	GetHandleVerifier [0x00C7ED14+3945876]&#10;	GetHandleVerifier [0x00C7FBCE+3949646]&#10;	GetHandleVerifier [0x00C7FB59+3949529]&#10;	Ordinal0 [0x0087B5CC+46540]&#10;	Ordinal0 [0x00879F53+40787]&#10;	Ordinal0 [0x00879B12+39698]&#10;	GetHandleVerifier [0x00B81468+2907368]&#10;	GetHandleVerifier [0x009C71EE+1096302]&#10;	GetHandleVerifier [0x00983E8D+821005]&#10;	GetHandleVerifier [0x0098396B+819691]&#10;	GetHandleVerifier [0x00983881+819457]&#10;	GetHandleVerifier [0x009AF463+998627]&#10;	BaseThreadInitThunk [0x75ABFA29+25]&#10;	RtlGetAppContainerNamedObjectPath [0x77C476B4+228]&#10;	RtlGetAppContainerNamedObjectPath [0x77C47684+180]&#10;" type="org.openqa.selenium.SessionNotCreatedException">org.openqa.selenium.SessionNotCreatedException: 
session not created
from timeout: Timed out receiving message from renderer: 600.000
  (Session info: chrome=88.0.4324.150)
Build info: version: '3.141.59', revision: 'e82be7d358', time: '2018-11-14T08:17:03'
System info: host: 'DESKTOP-25I7L6M', ip: '192.168.43.132', os.name: 'Windows 10', os.arch: 'amd64', os.version: '10.0', java.version: '1.8.0_251'
Driver info: driver.version: ChromeDriver
remote stacktrace: Backtrace:
	GetHandleVerifier [0x008BB963+483]
	GetHandleVerifier [0x008BB941+449]
	GetHandleVerifier [0x00C63308+3832712]
	GetHandleVerifier [0x00C5778C+3784716]
	GetHandleVerifier [0x00C56A47+3781319]
	GetHandleVerifier [0x00C56E36+3782326]
	GetHandleVerifier [0x00C56765+3780581]
	GetHandleVerifier [0x00C5FB21+3818401]
	GetHandleVerifier [0x00C56721+3780513]
	GetHandleVerifier [0x00C574B2+3783986]
	GetHandleVerifier [0x00C56A47+3781319]
	GetHandleVerifier [0x00C56E36+3782326]
	GetHandleVerifier [0x00C56765+3780581]
	GetHandleVerifier [0x00C5DF9C+3811356]
	GetHandleVerifier [0x00C56721+3780513]
	GetHandleVerifier [0x00C574B2+3783986]
	GetHandleVerifier [0x00C56A47+3781319]
	GetHandleVerifier [0x00C56E36+3782326]
	GetHandleVerifier [0x00C56765+3780581]
	GetHandleVerifier [0x00C5C392+3804178]
	GetHandleVerifier [0x00C56721+3780513]
	GetHandleVerifier [0x00C574B2+3783986]
	GetHandleVerifier [0x00C56A47+3781319]
	GetHandleVerifier [0x00C56E36+3782326]
	GetHandleVerifier [0x00C56765+3780581]
	GetHandleVerifier [0x00C5B655+3800789]
	GetHandleVerifier [0x00C56721+3780513]
	GetHandleVerifier [0x00C574B2+3783986]
	GetHandleVerifier [0x00C56A47+3781319]
	GetHandleVerifier [0x00C56E36+3782326]
	GetHandleVerifier [0x00C56765+3780581]
	GetHandleVerifier [0x00C52F46+3766214]
	GetHandleVerifier [0x00C56721+3780513]
	GetHandleVerifier [0x00C56543+3780035]
	GetHandleVerifier [0x00C56337+3779511]
	GetHandleVerifier [0x00C64540+3837376]
	GetHandleVerifier [0x00C9F4BC+4078908]
	GetHandleVerifier [0x00C9E56C+4074988]
	GetHandleVerifier [0x00C9B2EB+4062059]
	GetHandleVerifier [0x00C7ED14+3945876]
	GetHandleVerifier [0x00C7FBCE+3949646]
	GetHandleVerifier [0x00C7FB59+3949529]
	Ordinal0 [0x0087B5CC+46540]
	Ordinal0 [0x00879F53+40787]
	Ordinal0 [0x00879B12+39698]
	GetHandleVerifier [0x00B81468+2907368]
	GetHandleVerifier [0x009C71EE+1096302]
	GetHandleVerifier [0x00983E8D+821005]
	GetHandleVerifier [0x0098396B+819691]
	GetHandleVerifier [0x00983881+819457]
	GetHandleVerifier [0x009AF463+998627]
	BaseThreadInitThunk [0x75ABFA29+25]
	RtlGetAppContainerNamedObjectPath [0x77C476B4+228]
	RtlGetAppContainerNamedObjectPath [0x77C47684+180]

	at com.crm.qa.testcases.ContactsPageTest.setup(ContactsPageTest.java:30)
</failure>
    <system-err><![CDATA[Starting ChromeDriver 88.0.4324.96 (68dba2d8a0b149a1d3afac56fa74648032bcf46b-refs/branch-heads/4324@{#1784}) on port 41195
Only local connections are allowed.
Please see https://chromedriver.chromium.org/security-considerations for suggestions on keeping ChromeDriver safe.
ChromeDriver was started successfully.
[1612672964.009][SEVERE]: Timed out receiving message from renderer: 600.000
]]></system-err>
  </testcase>
  <testcase name="setup" classname="com.crm.qa.testcases.ContactsPageTest" time="0">
    <skipped/>
  </testcase>
  <testcase name="tearDown" classname="com.crm.qa.testcases.ContactsPageTest" time="0">
    <skipped/>
  </testcase>
  <testcase name="tearDown" classname="com.crm.qa.testcases.ContactsPageTest" time="0">
    <skipped/>
  </testcase>
  <testcase name="verifyHomePageTitleTest" classname="com.crm.qa.testcases.HomePageTest" time="0.081"/>
  <testcase name="setup" classname="com.crm.qa.testcases.HomePageTest" time="607.515">
    <failure message="session not created&#10;from timeout: Timed out receiving message from renderer: 600.000&#10;  (Session info: chrome=88.0.4324.150)&#10;Build info: version: &apos;3.141.59&apos;, revision: &apos;e82be7d358&apos;, time: &apos;2018-11-14T08:17:03&apos;&#10;System info: host: &apos;DESKTOP-25I7L6M&apos;, ip: &apos;192.168.43.132&apos;, os.name: &apos;Windows 10&apos;, os.arch: &apos;amd64&apos;, os.version: &apos;10.0&apos;, java.version: &apos;1.8.0_251&apos;&#10;Driver info: driver.version: ChromeDriver&#10;remote stacktrace: Backtrace:&#10;	GetHandleVerifier [0x008BB963+483]&#10;	GetHandleVerifier [0x008BB941+449]&#10;	GetHandleVerifier [0x00C63308+3832712]&#10;	GetHandleVerifier [0x00C5778C+3784716]&#10;	GetHandleVerifier [0x00C56A47+3781319]&#10;	GetHandleVerifier [0x00C56E36+3782326]&#10;	GetHandleVerifier [0x00C56765+3780581]&#10;	GetHandleVerifier [0x00C5C420+3804320]&#10;	GetHandleVerifier [0x00C56721+3780513]&#10;	GetHandleVerifier [0x00C574B2+3783986]&#10;	GetHandleVerifier [0x00C56A47+3781319]&#10;	GetHandleVerifier [0x00C56E36+3782326]&#10;	GetHandleVerifier [0x00C56765+3780581]&#10;	GetHandleVerifier [0x00C5B655+3800789]&#10;	GetHandleVerifier [0x00C56721+3780513]&#10;	GetHandleVerifier [0x00C574B2+3783986]&#10;	GetHandleVerifier [0x00C56A47+3781319]&#10;	GetHandleVerifier [0x00C56E36+3782326]&#10;	GetHandleVerifier [0x00C56765+3780581]&#10;	GetHandleVerifier [0x00C52F46+3766214]&#10;	GetHandleVerifier [0x00C56721+3780513]&#10;	GetHandleVerifier [0x00C56543+3780035]&#10;	GetHandleVerifier [0x00C56337+3779511]&#10;	GetHandleVerifier [0x00C64540+3837376]&#10;	GetHandleVerifier [0x00C9F4BC+4078908]&#10;	GetHandleVerifier [0x00C9E56C+4074988]&#10;	GetHandleVerifier [0x00C9B2EB+4062059]&#10;	GetHandleVerifier [0x00C7ED14+3945876]&#10;	GetHandleVerifier [0x00C7FBCE+3949646]&#10;	GetHandleVerifier [0x00C7FB59+3949529]&#10;	Ordinal0 [0x0087B5CC+46540]&#10;	Ordinal0 [0x00879F53+40787]&#10;	Ordinal0 [0x00879B12+39698]&#10;	GetHandleVerifier [0x00B81468+2907368]&#10;	GetHandleVerifier [0x009C71EE+1096302]&#10;	GetHandleVerifier [0x00983E8D+821005]&#10;	GetHandleVerifier [0x0098396B+819691]&#10;	GetHandleVerifier [0x00983881+819457]&#10;	GetHandleVerifier [0x009AF463+998627]&#10;	BaseThreadInitThunk [0x75ABFA29+25]&#10;	RtlGetAppContainerNamedObjectPath [0x77C476B4+228]&#10;	RtlGetAppContainerNamedObjectPath [0x77C47684+180]&#10;" type="org.openqa.selenium.SessionNotCreatedException">org.openqa.selenium.SessionNotCreatedException: 
session not created
from timeout: Timed out receiving message from renderer: 600.000
  (Session info: chrome=88.0.4324.150)
Build info: version: '3.141.59', revision: 'e82be7d358', time: '2018-11-14T08:17:03'
System info: host: 'DESKTOP-25I7L6M', ip: '192.168.43.132', os.name: 'Windows 10', os.arch: 'amd64', os.version: '10.0', java.version: '1.8.0_251'
Driver info: driver.version: ChromeDriver
remote stacktrace: Backtrace:
	GetHandleVerifier [0x008BB963+483]
	GetHandleVerifier [0x008BB941+449]
	GetHandleVerifier [0x00C63308+3832712]
	GetHandleVerifier [0x00C5778C+3784716]
	GetHandleVerifier [0x00C56A47+3781319]
	GetHandleVerifier [0x00C56E36+3782326]
	GetHandleVerifier [0x00C56765+3780581]
	GetHandleVerifier [0x00C5C420+3804320]
	GetHandleVerifier [0x00C56721+3780513]
	GetHandleVerifier [0x00C574B2+3783986]
	GetHandleVerifier [0x00C56A47+3781319]
	GetHandleVerifier [0x00C56E36+3782326]
	GetHandleVerifier [0x00C56765+3780581]
	GetHandleVerifier [0x00C5B655+3800789]
	GetHandleVerifier [0x00C56721+3780513]
	GetHandleVerifier [0x00C574B2+3783986]
	GetHandleVerifier [0x00C56A47+3781319]
	GetHandleVerifier [0x00C56E36+3782326]
	GetHandleVerifier [0x00C56765+3780581]
	GetHandleVerifier [0x00C52F46+3766214]
	GetHandleVerifier [0x00C56721+3780513]
	GetHandleVerifier [0x00C56543+3780035]
	GetHandleVerifier [0x00C56337+3779511]
	GetHandleVerifier [0x00C64540+3837376]
	GetHandleVerifier [0x00C9F4BC+4078908]
	GetHandleVerifier [0x00C9E56C+4074988]
	GetHandleVerifier [0x00C9B2EB+4062059]
	GetHandleVerifier [0x00C7ED14+3945876]
	GetHandleVerifier [0x00C7FBCE+3949646]
	GetHandleVerifier [0x00C7FB59+3949529]
	Ordinal0 [0x0087B5CC+46540]
	Ordinal0 [0x00879F53+40787]
	Ordinal0 [0x00879B12+39698]
	GetHandleVerifier [0x00B81468+2907368]
	GetHandleVerifier [0x009C71EE+1096302]
	GetHandleVerifier [0x00983E8D+821005]
	GetHandleVerifier [0x0098396B+819691]
	GetHandleVerifier [0x00983881+819457]
	GetHandleVerifier [0x009AF463+998627]
	BaseThreadInitThunk [0x75ABFA29+25]
	RtlGetAppContainerNamedObjectPath [0x77C476B4+228]
	RtlGetAppContainerNamedObjectPath [0x77C47684+180]

	at com.crm.qa.testcases.HomePageTest.setup(HomePageTest.java:29)
</failure>
    <system-err><![CDATA[Starting ChromeDriver 88.0.4324.96 (68dba2d8a0b149a1d3afac56fa74648032bcf46b-refs/branch-heads/4324@{#1784}) on port 36582
Only local connections are allowed.
Please see https://chromedriver.chromium.org/security-considerations for suggestions on keeping ChromeDriver safe.
ChromeDriver was started successfully.
[1612673593.463][SEVERE]: Timed out receiving message from renderer: 600.000
]]></system-err>
  </testcase>
  <testcase name="setup" classname="com.crm.qa.testcases.HomePageTest" time="0">
    <skipped/>
  </testcase>
  <testcase name="verifyUserNameTest" classname="com.crm.qa.testcases.HomePageTest" time="0">
    <skipped message="session not created&#10;from timeout: Timed out receiving message from renderer: 600.000&#10;  (Session info: chrome=88.0.4324.150)&#10;Build info: version: &apos;3.141.59&apos;, revision: &apos;e82be7d358&apos;, time: &apos;2018-11-14T08:17:03&apos;&#10;System info: host: &apos;DESKTOP-25I7L6M&apos;, ip: &apos;192.168.43.132&apos;, os.name: &apos;Windows 10&apos;, os.arch: &apos;amd64&apos;, os.version: &apos;10.0&apos;, java.version: &apos;1.8.0_251&apos;&#10;Driver info: driver.version: ChromeDriver&#10;remote stacktrace: Backtrace:&#10;	GetHandleVerifier [0x008BB963+483]&#10;	GetHandleVerifier [0x008BB941+449]&#10;	GetHandleVerifier [0x00C63308+3832712]&#10;	GetHandleVerifier [0x00C5778C+3784716]&#10;	GetHandleVerifier [0x00C56A47+3781319]&#10;	GetHandleVerifier [0x00C56E36+3782326]&#10;	GetHandleVerifier [0x00C56765+3780581]&#10;	GetHandleVerifier [0x00C5C420+3804320]&#10;	GetHandleVerifier [0x00C56721+3780513]&#10;	GetHandleVerifier [0x00C574B2+3783986]&#10;	GetHandleVerifier [0x00C56A47+3781319]&#10;	GetHandleVerifier [0x00C56E36+3782326]&#10;	GetHandleVerifier [0x00C56765+3780581]&#10;	GetHandleVerifier [0x00C5B655+3800789]&#10;	GetHandleVerifier [0x00C56721+3780513]&#10;	GetHandleVerifier [0x00C574B2+3783986]&#10;	GetHandleVerifier [0x00C56A47+3781319]&#10;	GetHandleVerifier [0x00C56E36+3782326]&#10;	GetHandleVerifier [0x00C56765+3780581]&#10;	GetHandleVerifier [0x00C52F46+3766214]&#10;	GetHandleVerifier [0x00C56721+3780513]&#10;	GetHandleVerifier [0x00C56543+3780035]&#10;	GetHandleVerifier [0x00C56337+3779511]&#10;	GetHandleVerifier [0x00C64540+3837376]&#10;	GetHandleVerifier [0x00C9F4BC+4078908]&#10;	GetHandleVerifier [0x00C9E56C+4074988]&#10;	GetHandleVerifier [0x00C9B2EB+4062059]&#10;	GetHandleVerifier [0x00C7ED14+3945876]&#10;	GetHandleVerifier [0x00C7FBCE+3949646]&#10;	GetHandleVerifier [0x00C7FB59+3949529]&#10;	Ordinal0 [0x0087B5CC+46540]&#10;	Ordinal0 [0x00879F53+40787]&#10;	Ordinal0 [0x00879B12+39698]&#10;	GetHandleVerifier [0x00B81468+2907368]&#10;	GetHandleVerifier [0x009C71EE+1096302]&#10;	GetHandleVerifier [0x00983E8D+821005]&#10;	GetHandleVerifier [0x0098396B+819691]&#10;	GetHandleVerifier [0x00983881+819457]&#10;	GetHandleVerifier [0x009AF463+998627]&#10;	BaseThreadInitThunk [0x75ABFA29+25]&#10;	RtlGetAppContainerNamedObjectPath [0x77C476B4+228]&#10;	RtlGetAppContainerNamedObjectPath [0x77C47684+180]&#10;"/>
  </testcase>
  <testcase name="tearDown" classname="com.crm.qa.testcases.HomePageTest" time="0">
    <skipped/>
  </testcase>
  <testcase name="tearDown" classname="com.crm.qa.testcases.HomePageTest" time="0">
    <skipped/>
  </testcase>
  <testcase name="verifyContactsLinkTest" classname="com.crm.qa.testcases.HomePageTest" time="0">
    <skipped message="session not created&#10;from timeout: Timed out receiving message from renderer: 600.000&#10;  (Session info: chrome=88.0.4324.150)&#10;Build info: version: &apos;3.141.59&apos;, revision: &apos;e82be7d358&apos;, time: &apos;2018-11-14T08:17:03&apos;&#10;System info: host: &apos;DESKTOP-25I7L6M&apos;, ip: &apos;192.168.43.132&apos;, os.name: &apos;Windows 10&apos;, os.arch: &apos;amd64&apos;, os.version: &apos;10.0&apos;, java.version: &apos;1.8.0_251&apos;&#10;Driver info: driver.version: ChromeDriver&#10;remote stacktrace: Backtrace:&#10;	GetHandleVerifier [0x008BB963+483]&#10;	GetHandleVerifier [0x008BB941+449]&#10;	GetHandleVerifier [0x00C63308+3832712]&#10;	GetHandleVerifier [0x00C5778C+3784716]&#10;	GetHandleVerifier [0x00C56A47+3781319]&#10;	GetHandleVerifier [0x00C56E36+3782326]&#10;	GetHandleVerifier [0x00C56765+3780581]&#10;	GetHandleVerifier [0x00C5C420+3804320]&#10;	GetHandleVerifier [0x00C56721+3780513]&#10;	GetHandleVerifier [0x00C574B2+3783986]&#10;	GetHandleVerifier [0x00C56A47+3781319]&#10;	GetHandleVerifier [0x00C56E36+3782326]&#10;	GetHandleVerifier [0x00C56765+3780581]&#10;	GetHandleVerifier [0x00C5B655+3800789]&#10;	GetHandleVerifier [0x00C56721+3780513]&#10;	GetHandleVerifier [0x00C574B2+3783986]&#10;	GetHandleVerifier [0x00C56A47+3781319]&#10;	GetHandleVerifier [0x00C56E36+3782326]&#10;	GetHandleVerifier [0x00C56765+3780581]&#10;	GetHandleVerifier [0x00C52F46+3766214]&#10;	GetHandleVerifier [0x00C56721+3780513]&#10;	GetHandleVerifier [0x00C56543+3780035]&#10;	GetHandleVerifier [0x00C56337+3779511]&#10;	GetHandleVerifier [0x00C64540+3837376]&#10;	GetHandleVerifier [0x00C9F4BC+4078908]&#10;	GetHandleVerifier [0x00C9E56C+4074988]&#10;	GetHandleVerifier [0x00C9B2EB+4062059]&#10;	GetHandleVerifier [0x00C7ED14+3945876]&#10;	GetHandleVerifier [0x00C7FBCE+3949646]&#10;	GetHandleVerifier [0x00C7FB59+3949529]&#10;	Ordinal0 [0x0087B5CC+46540]&#10;	Ordinal0 [0x00879F53+40787]&#10;	Ordinal0 [0x00879B12+39698]&#10;	GetHandleVerifier [0x00B81468+2907368]&#10;	GetHandleVerifier [0x009C71EE+1096302]&#10;	GetHandleVerifier [0x00983E8D+821005]&#10;	GetHandleVerifier [0x0098396B+819691]&#10;	GetHandleVerifier [0x00983881+819457]&#10;	GetHandleVerifier [0x009AF463+998627]&#10;	BaseThreadInitThunk [0x75ABFA29+25]&#10;	RtlGetAppContainerNamedObjectPath [0x77C476B4+228]&#10;	RtlGetAppContainerNamedObjectPath [0x77C47684+180]&#10;"/>
  </testcase>
  <testcase name="loginPageTitleTest" classname="com.crm.qa.testcases.LoginPageTest" time="0.019"/>
  <testcase name="loginTest" classname="com.crm.qa.testcases.LoginPageTest" time="1.294"/>
</testsuite>